# JRE version: OpenJDK Runtime Environment Temurin-17.0.3+7 (17.0.3+7) (build 17.0.3+7)
# Java VM: OpenJDK 64-Bit Server VM Temurin-17.0.3+7 (17.0.3+7, mixed mode, tiered, compressed oops, compressed class ptrs, parallel gc, windows-amd64)
GC Precious Log:
 CPUs: 12 total, 12 available
 Memory: 6005M
 Large Page Support: Disabled
 NUMA Support: Disabled
 Compressed Oops: Enabled (32-bit)
 Alignments: Space 512K, Generation 512K, Heap 2M
 Heap Min Capacity: 100M
 Heap Initial Capacity: 100M
 Heap Max Capacity: 1G
 Pre-touch: Disabled
 Parallel Workers: 10
Heap:
 PSYoungGen      total 29696K, used 22640K [0x00000000eab00000, 0x00000000ed000000, 0x0000000100000000)
  eden space 23552K, 96% used [0x00000000eab00000,0x00000000ec11c230,0x00000000ec200000)
  from space 6144K, 0% used [0x00000000ec400000,0x00000000ec400000,0x00000000eca00000)
  to   space 6144K, 0% used [0x00000000eca00000,0x00000000eca00000,0x00000000ed000000)
 ParOldGen       total 68608K, used 22195K [0x00000000c0000000, 0x00000000c4300000, 0x00000000eab00000)
  object space 68608K, 32% used [0x00000000c0000000,0x00000000c15accd0,0x00000000c4300000)
 Metaspace       used 42154K, committed 42752K, reserved 1089536K
  class space    used 4270K, committed 4544K, reserved 1048576K
GC Heap History (20 events):
Event: 2.646 GC heap before
{Heap before GC invocations=2 (full 0):
 PSYoungGen      total 29696K, used 21896K [0x00000000eab00000, 0x00000000ecc00000, 0x0000000100000000)
  eden space 25600K, 69% used [0x00000000eab00000,0x00000000ebc6ffe0,0x00000000ec400000)
  from space 4096K, 98% used [0x00000000ec400000,0x00000000ec7f22f8,0x00000000ec800000)
  to   space 4096K, 0% used [0x00000000ec800000,0x00000000ec800000,0x00000000ecc00000)
 ParOldGen       total 68608K, used 24K [0x00000000c0000000, 0x00000000c4300000, 0x00000000eab00000)
  object space 68608K, 0% used [0x00000000c0000000,0x00000000c0006000,0x00000000c4300000)
 Metaspace       used 21166K, committed 21504K, reserved 1073152K
  class space    used 2153K, committed 2304K, reserved 1048576K
}
Event: 2.653 GC heap after
{Heap after GC invocations=2 (full 0):
 PSYoungGen      total 29696K, used 4067K [0x00000000eab00000, 0x00000000ecc00000, 0x0000000100000000)
  eden space 25600K, 0% used [0x00000000eab00000,0x00000000eab00000,0x00000000ec400000)
  from space 4096K, 99% used [0x00000000ec800000,0x00000000ecbf8f40,0x00000000ecc00000)
  to   space 4096K, 0% used [0x00000000ec400000,0x00000000ec400000,0x00000000ec800000)
 ParOldGen       total 68608K, used 2679K [0x00000000c0000000, 0x00000000c4300000, 0x00000000eab00000)
  object space 68608K, 3% used [0x00000000c0000000,0x00000000c029df80,0x00000000c4300000)
 Metaspace       used 21166K, committed 21504K, reserved 1073152K
  class space    used 2153K, committed 2304K, reserved 1048576K
}
Event: 2.653 GC heap before
{Heap before GC invocations=3 (full 1):
 PSYoungGen      total 29696K, used 4067K [0x00000000eab00000, 0x00000000ecc00000, 0x0000000100000000)
  eden space 25600K, 0% used [0x00000000eab00000,0x00000000eab00000,0x00000000ec400000)
  from space 4096K, 99% used [0x00000000ec800000,0x00000000ecbf8f40,0x00000000ecc00000)
  to   space 4096K, 0% used [0x00000000ec400000,0x00000000ec400000,0x00000000ec800000)
 ParOldGen       total 68608K, used 2679K [0x00000000c0000000, 0x00000000c4300000, 0x00000000eab00000)
  object space 68608K, 3% used [0x00000000c0000000,0x00000000c029df80,0x00000000c4300000)
 Metaspace       used 21166K, committed 21504K, reserved 1073152K
  class space    used 2153K, committed 2304K, reserved 1048576K
}
Event: 2.671 GC heap after
{Heap after GC invocations=3 (full 1):
 PSYoungGen      total 29696K, used 0K [0x00000000eab00000, 0x00000000ecc00000, 0x0000000100000000)
  eden space 25600K, 0% used [0x00000000eab00000,0x00000000eab00000,0x00000000ec400000)
  from space 4096K, 0% used [0x00000000ec800000,0x00000000ec800000,0x00000000ecc00000)
  to   space 4096K, 0% used [0x00000000ec400000,0x00000000ec400000,0x00000000ec800000)
 ParOldGen       total 68608K, used 6635K [0x00000000c0000000, 0x00000000c4300000, 0x00000000eab00000)
  object space 68608K, 9% used [0x00000000c0000000,0x00000000c067acb8,0x00000000c4300000)
 Metaspace       used 21166K, committed 21504K, reserved 1073152K
  class space    used 2153K, committed 2304K, reserved 1048576K
}
Event: 4.921 GC heap before
{Heap before GC invocations=4 (full 1):
 PSYoungGen      total 29696K, used 25600K [0x00000000eab00000, 0x00000000ecc00000, 0x0000000100000000)
  eden space 25600K, 100% used [0x00000000eab00000,0x00000000ec400000,0x00000000ec400000)
  from space 4096K, 0% used [0x00000000ec800000,0x00000000ec800000,0x00000000ecc00000)
  to   space 4096K, 0% used [0x00000000ec400000,0x00000000ec400000,0x00000000ec800000)
 ParOldGen       total 68608K, used 6635K [0x00000000c0000000, 0x00000000c4300000, 0x00000000eab00000)
  object space 68608K, 9% used [0x00000000c0000000,0x00000000c067acb8,0x00000000c4300000)
 Metaspace       used 28436K, committed 28928K, reserved 1081344K
  class space    used 2814K, committed 3072K, reserved 1048576K
}
Event: 4.923 GC heap after
{Heap after GC invocations=4 (full 1):
 PSYoungGen      total 29696K, used 1902K [0x00000000eab00000, 0x00000000ecc00000, 0x0000000100000000)
  eden space 25600K, 0% used [0x00000000eab00000,0x00000000eab00000,0x00000000ec400000)
  from space 4096K, 46% used [0x00000000ec400000,0x00000000ec5dba50,0x00000000ec800000)
  to   space 4096K, 0% used [0x00000000ec800000,0x00000000ec800000,0x00000000ecc00000)
 ParOldGen       total 68608K, used 6643K [0x00000000c0000000, 0x00000000c4300000, 0x00000000eab00000)
  object space 68608K, 9% used [0x00000000c0000000,0x00000000c067ccb8,0x00000000c4300000)
 Metaspace       used 28436K, committed 28928K, reserved 1081344K
  class space    used 2814K, committed 3072K, reserved 1048576K
}
Event: 5.756 GC heap before
{Heap before GC invocations=5 (full 1):
 PSYoungGen      total 29696K, used 27502K [0x00000000eab00000, 0x00000000ecc00000, 0x0000000100000000)
  eden space 25600K, 100% used [0x00000000eab00000,0x00000000ec400000,0x00000000ec400000)
  from space 4096K, 46% used [0x00000000ec400000,0x00000000ec5dba50,0x00000000ec800000)
  to   space 4096K, 0% used [0x00000000ec800000,0x00000000ec800000,0x00000000ecc00000)
 ParOldGen       total 68608K, used 6643K [0x00000000c0000000, 0x00000000c4300000, 0x00000000eab00000)
  object space 68608K, 9% used [0x00000000c0000000,0x00000000c067ccb8,0x00000000c4300000)
 Metaspace       used 33255K, committed 33856K, reserved 1081344K
  class space    used 3393K, committed 3648K, reserved 1048576K
}
Event: 5.759 GC heap after
{Heap after GC invocations=5 (full 1):
 PSYoungGen      total 29696K, used 4065K [0x00000000eab00000, 0x00000000ecc00000, 0x0000000100000000)
  eden space 25600K, 0% used [0x00000000eab00000,0x00000000eab00000,0x00000000ec400000)
  from space 4096K, 99% used [0x00000000ec800000,0x00000000ecbf86a8,0x00000000ecc00000)
  to   space 4096K, 0% used [0x00000000ec400000,0x00000000ec400000,0x00000000ec800000)
 ParOldGen       total 68608K, used 6683K [0x00000000c0000000, 0x00000000c4300000, 0x00000000eab00000)
  object space 68608K, 9% used [0x00000000c0000000,0x00000000c0686cb8,0x00000000c4300000)
 Metaspace       used 33255K, committed 33856K, reserved 1081344K
  class space    used 3393K, committed 3648K, reserved 1048576K
}
Event: 5.927 GC heap before
{Heap before GC invocations=6 (full 1):
 PSYoungGen      total 29696K, used 29665K [0x00000000eab00000, 0x00000000ecc00000, 0x0000000100000000)
  eden space 25600K, 100% used [0x00000000eab00000,0x00000000ec400000,0x00000000ec400000)
  from space 4096K, 99% used [0x00000000ec800000,0x00000000ecbf86a8,0x00000000ecc00000)
  to   space 4096K, 0% used [0x00000000ec400000,0x00000000ec400000,0x00000000ec800000)
 ParOldGen       total 68608K, used 6683K [0x00000000c0000000, 0x00000000c4300000, 0x00000000eab00000)
  object space 68608K, 9% used [0x00000000c0000000,0x00000000c0686cb8,0x00000000c4300000)
 Metaspace       used 33435K, committed 34112K, reserved 1081344K
  class space    used 3412K, committed 3712K, reserved 1048576K
}
Event: 5.931 GC heap after
{Heap after GC invocations=6 (full 1):
 PSYoungGen      total 29184K, used 4093K [0x00000000eab00000, 0x00000000ed180000, 0x0000000100000000)
  eden space 25088K, 0% used [0x00000000eab00000,0x00000000eab00000,0x00000000ec380000)
  from space 4096K, 99% used [0x00000000ec400000,0x00000000ec7ff600,0x00000000ec800000)
  to   space 7168K, 0% used [0x00000000eca80000,0x00000000eca80000,0x00000000ed180000)
 ParOldGen       total 68608K, used 9043K [0x00000000c0000000, 0x00000000c4300000, 0x00000000eab00000)
  object space 68608K, 13% used [0x00000000c0000000,0x00000000c08d4cd8,0x00000000c4300000)
 Metaspace       used 33435K, committed 34112K, reserved 1081344K
  class space    used 3412K, committed 3712K, reserved 1048576K
}
Event: 6.022 GC heap before
{Heap before GC invocations=7 (full 1):
 PSYoungGen      total 29184K, used 29181K [0x00000000eab00000, 0x00000000ed180000, 0x0000000100000000)
  eden space 25088K, 100% used [0x00000000eab00000,0x00000000ec380000,0x00000000ec380000)
  from space 4096K, 99% used [0x00000000ec400000,0x00000000ec7ff600,0x00000000ec800000)
  to   space 7168K, 0% used [0x00000000eca80000,0x00000000eca80000,0x00000000ed180000)
 ParOldGen       total 68608K, used 9043K [0x00000000c0000000, 0x00000000c4300000, 0x00000000eab00000)
  object space 68608K, 13% used [0x00000000c0000000,0x00000000c08d4cd8,0x00000000c4300000)
 Metaspace       used 33497K, committed 34112K, reserved 1081344K
  class space    used 3424K, committed 3712K, reserved 1048576K
}
Event: 6.027 GC heap after
{Heap after GC invocations=7 (full 1):
 PSYoungGen      total 31744K, used 7165K [0x00000000eab00000, 0x00000000ed200000, 0x0000000100000000)
  eden space 24576K, 0% used [0x00000000eab00000,0x00000000eab00000,0x00000000ec300000)
  from space 7168K, 99% used [0x00000000eca80000,0x00000000ed17f630,0x00000000ed180000)
  to   space 7680K, 0% used [0x00000000ec300000,0x00000000ec300000,0x00000000eca80000)
 ParOldGen       total 68608K, used 9067K [0x00000000c0000000, 0x00000000c4300000, 0x00000000eab00000)
  object space 68608K, 13% used [0x00000000c0000000,0x00000000c08dacd8,0x00000000c4300000)
 Metaspace       used 33497K, committed 34112K, reserved 1081344K
  class space    used 3424K, committed 3712K, reserved 1048576K
}
Event: 6.097 GC heap before
{Heap before GC invocations=8 (full 1):
 PSYoungGen      total 31744K, used 31741K [0x00000000eab00000, 0x00000000ed200000, 0x0000000100000000)
  eden space 24576K, 100% used [0x00000000eab00000,0x00000000ec300000,0x00000000ec300000)
  from space 7168K, 99% used [0x00000000eca80000,0x00000000ed17f630,0x00000000ed180000)
  to   space 7680K, 0% used [0x00000000ec300000,0x00000000ec300000,0x00000000eca80000)
 ParOldGen       total 68608K, used 9067K [0x00000000c0000000, 0x00000000c4300000, 0x00000000eab00000)
  object space 68608K, 13% used [0x00000000c0000000,0x00000000c08dacd8,0x00000000c4300000)
 Metaspace       used 33497K, committed 34112K, reserved 1081344K
  class space    used 3424K, committed 3712K, reserved 1048576K
}
Event: 6.103 GC heap after
{Heap after GC invocations=8 (full 1):
 PSYoungGen      total 31744K, used 7665K [0x00000000eab00000, 0x00000000ed780000, 0x0000000100000000)
  eden space 24064K, 0% used [0x00000000eab00000,0x00000000eab00000,0x00000000ec280000)
  from space 7680K, 99% used [0x00000000ec300000,0x00000000eca7c6d8,0x00000000eca80000)
  to   space 10752K, 0% used [0x00000000ecd00000,0x00000000ecd00000,0x00000000ed780000)
 ParOldGen       total 68608K, used 11198K [0x00000000c0000000, 0x00000000c4300000, 0x00000000eab00000)
  object space 68608K, 16% used [0x00000000c0000000,0x00000000c0aefa68,0x00000000c4300000)
 Metaspace       used 33497K, committed 34112K, reserved 1081344K
  class space    used 3424K, committed 3712K, reserved 1048576K
}
Event: 6.212 GC heap before
{Heap before GC invocations=9 (full 1):
 PSYoungGen      total 31744K, used 31676K [0x00000000eab00000, 0x00000000ed780000, 0x0000000100000000)
  eden space 24064K, 99% used [0x00000000eab00000,0x00000000ec272c40,0x00000000ec280000)
  from space 7680K, 99% used [0x00000000ec300000,0x00000000eca7c6d8,0x00000000eca80000)
  to   space 10752K, 0% used [0x00000000ecd00000,0x00000000ecd00000,0x00000000ed780000)
 ParOldGen       total 68608K, used 11198K [0x00000000c0000000, 0x00000000c4300000, 0x00000000eab00000)
  object space 68608K, 16% used [0x00000000c0000000,0x00000000c0aefa68,0x00000000c4300000)
 Metaspace       used 33614K, committed 34240K, reserved 1081344K
  class space    used 3434K, committed 3712K, reserved 1048576K
}
Event: 6.219 GC heap after
{Heap after GC invocations=9 (full 1):
 PSYoungGen      total 31744K, used 8000K [0x00000000eab00000, 0x00000000ed500000, 0x0000000100000000)
  eden space 23552K, 0% used [0x00000000eab00000,0x00000000eab00000,0x00000000ec200000)
  from space 8192K, 97% used [0x00000000ecd00000,0x00000000ed4d0010,0x00000000ed500000)
  to   space 8704K, 0% used [0x00000000ec400000,0x00000000ec400000,0x00000000ecc80000)
 ParOldGen       total 68608K, used 14117K [0x00000000c0000000, 0x00000000c4300000, 0x00000000eab00000)
  object space 68608K, 20% used [0x00000000c0000000,0x00000000c0dc97e0,0x00000000c4300000)
 Metaspace       used 33614K, committed 34240K, reserved 1081344K
  class space    used 3434K, committed 3712K, reserved 1048576K
}
Event: 6.399 GC heap before
{Heap before GC invocations=10 (full 1):
 PSYoungGen      total 31744K, used 13469K [0x00000000eab00000, 0x00000000ed500000, 0x0000000100000000)
  eden space 23552K, 23% used [0x00000000eab00000,0x00000000eb057708,0x00000000ec200000)
  from space 8192K, 97% used [0x00000000ecd00000,0x00000000ed4d0010,0x00000000ed500000)
  to   space 8704K, 0% used [0x00000000ec400000,0x00000000ec400000,0x00000000ecc80000)
 ParOldGen       total 68608K, used 14117K [0x00000000c0000000, 0x00000000c4300000, 0x00000000eab00000)
  object space 68608K, 20% used [0x00000000c0000000,0x00000000c0dc97e0,0x00000000c4300000)
 Metaspace       used 35279K, committed 35840K, reserved 1081344K
  class space    used 3635K, committed 3904K, reserved 1048576K
}
Event: 6.404 GC heap after
{Heap after GC invocations=10 (full 1):
 PSYoungGen      total 29696K, used 5988K [0x00000000eab00000, 0x00000000ed000000, 0x0000000100000000)
  eden space 23552K, 0% used [0x00000000eab00000,0x00000000eab00000,0x00000000ec200000)
  from space 6144K, 97% used [0x00000000ec400000,0x00000000ec9d93e0,0x00000000eca00000)
  to   space 6144K, 0% used [0x00000000eca00000,0x00000000eca00000,0x00000000ed000000)
 ParOldGen       total 68608K, used 16781K [0x00000000c0000000, 0x00000000c4300000, 0x00000000eab00000)
  object space 68608K, 24% used [0x00000000c0000000,0x00000000c10637e0,0x00000000c4300000)
 Metaspace       used 35279K, committed 35840K, reserved 1081344K
  class space    used 3635K, committed 3904K, reserved 1048576K
}
Event: 6.404 GC heap before
{Heap before GC invocations=11 (full 2):
 PSYoungGen      total 29696K, used 5988K [0x00000000eab00000, 0x00000000ed000000, 0x0000000100000000)
  eden space 23552K, 0% used [0x00000000eab00000,0x00000000eab00000,0x00000000ec200000)
  from space 6144K, 97% used [0x00000000ec400000,0x00000000ec9d93e0,0x00000000eca00000)
  to   space 6144K, 0% used [0x00000000eca00000,0x00000000eca00000,0x00000000ed000000)
 ParOldGen       total 68608K, used 16781K [0x00000000c0000000, 0x00000000c4300000, 0x00000000eab00000)
  object space 68608K, 24% used [0x00000000c0000000,0x00000000c10637e0,0x00000000c4300000)
 Metaspace       used 35279K, committed 35840K, reserved 1081344K
  class space    used 3635K, committed 3904K, reserved 1048576K
}
Event: 6.436 GC heap after
{Heap after GC invocations=11 (full 2):
 PSYoungGen      total 29696K, used 0K [0x00000000eab00000, 0x00000000ed000000, 0x0000000100000000)
  eden space 23552K, 0% used [0x00000000eab00000,0x00000000eab00000,0x00000000ec200000)
  from space 6144K, 0% used [0x00000000ec400000,0x00000000ec400000,0x00000000eca00000)
  to   space 6144K, 0% used [0x00000000eca00000,0x00000000eca00000,0x00000000ed000000)
 ParOldGen       total 68608K, used 22195K [0x00000000c0000000, 0x00000000c4300000, 0x00000000eab00000)
  object space 68608K, 32% used [0x00000000c0000000,0x00000000c15accd0,0x00000000c4300000)
 Metaspace       used 35279K, committed 35840K, reserved 1081344K
  class space    used 3635K, committed 3904K, reserved 1048576K
}

